2022-09-09 15:43:00,307 - INFO - run: 919 - Старт программы
2022-09-09 15:43:00,308 - INFO - run: 940 - Созданы секретные номера
2022-09-09 15:43:00,317 - INFO - format_doc_: 285 - Отсортированы документы:
Заключение 1.1.docx
Заключение 1.2.docx
Заключение 1.3.docx
Заключение 1.4.docx
Заключение 1.5.docx
Заключение 1.6.docx
Заключение 1.7.docx
Заключение 1.8.docx
Протокол 1.1.docx
Протокол 1.2.docx
Протокол 1.3.docx
Протокол 1.4.docx
Протокол 1.5.docx
Протокол 1.6.docx
Протокол 1.7.docx
Протокол 1.8.docx
Приложение А 1.1.docx
Приложение А 1.2.docx
Приложение А 1.3.docx
Приложение А 1.4.docx
Приложение А 1.5.docx
Приложение А 1.6.docx
Приложение А 1.7.docx
Приложение А 1.8.docx
Предписание 1.1.docx
Предписание 1.2.docx
Предписание 1.3.docx
Предписание 1.4.docx
Предписание 1.5.docx
Предписание 1.6.docx
Предписание 1.7.docx
Предписание 1.8.docx
Сопроводит.docx
2022-09-09 15:43:00,318 - INFO - format_doc_: 333 - Преобразуем Заключение 1.1.docx
2022-09-09 15:43:00,342 - INFO - format_doc_: 425 - Вставляем колонтитулы
2022-09-09 15:43:00,377 - INFO - format_doc_: 428 - Определяем количество страниц
2022-09-09 15:43:00,379 - INFO - pages_count: 119 - Конвертируем в пдф Заключение 1.1.docx
2022-09-09 15:43:04,974 - INFO - pages_count: 124 - Удаляем пдф Заключение 1.1.docx
2022-09-09 15:43:04,976 - INFO - pages_count: 126 - Вставляем страницы в ворд Заключение 1.1.docx
2022-09-09 15:43:05,030 - INFO - pages_count: 147 - Получае ворд из зип Заключение 1.1.docx
2022-09-09 15:43:05,799 - INFO - format_doc_: 333 - Преобразуем Заключение 1.2.docx
2022-09-09 15:43:05,820 - INFO - format_doc_: 425 - Вставляем колонтитулы
2022-09-09 15:43:05,861 - INFO - format_doc_: 428 - Определяем количество страниц
2022-09-09 15:43:05,861 - INFO - pages_count: 119 - Конвертируем в пдф Заключение 1.2.docx
2022-09-09 15:43:12,623 - INFO - pages_count: 124 - Удаляем пдф Заключение 1.2.docx
2022-09-09 15:43:12,625 - INFO - pages_count: 126 - Вставляем страницы в ворд Заключение 1.2.docx
2022-09-09 15:43:12,682 - INFO - pages_count: 147 - Получае ворд из зип Заключение 1.2.docx
2022-09-09 15:43:13,430 - INFO - format_doc_: 333 - Преобразуем Заключение 1.3.docx
2022-09-09 15:43:13,449 - INFO - format_doc_: 425 - Вставляем колонтитулы
2022-09-09 15:43:13,487 - INFO - format_doc_: 428 - Определяем количество страниц
2022-09-09 15:43:13,487 - INFO - pages_count: 119 - Конвертируем в пдф Заключение 1.3.docx
2022-09-09 15:43:20,399 - INFO - pages_count: 124 - Удаляем пдф Заключение 1.3.docx
2022-09-09 15:43:20,401 - INFO - pages_count: 126 - Вставляем страницы в ворд Заключение 1.3.docx
2022-09-09 15:43:20,461 - INFO - pages_count: 147 - Получае ворд из зип Заключение 1.3.docx
2022-09-09 15:43:21,214 - INFO - format_doc_: 333 - Преобразуем Заключение 1.4.docx
2022-09-09 15:43:21,237 - INFO - format_doc_: 425 - Вставляем колонтитулы
2022-09-09 15:43:21,275 - INFO - format_doc_: 428 - Определяем количество страниц
2022-09-09 15:43:21,276 - INFO - pages_count: 119 - Конвертируем в пдф Заключение 1.4.docx
2022-09-09 15:43:28,104 - INFO - pages_count: 124 - Удаляем пдф Заключение 1.4.docx
2022-09-09 15:43:28,106 - INFO - pages_count: 126 - Вставляем страницы в ворд Заключение 1.4.docx
2022-09-09 15:43:28,159 - INFO - pages_count: 147 - Получае ворд из зип Заключение 1.4.docx
2022-09-09 15:43:28,907 - INFO - format_doc_: 333 - Преобразуем Заключение 1.5.docx
2022-09-09 15:43:28,932 - INFO - format_doc_: 425 - Вставляем колонтитулы
2022-09-09 15:43:28,970 - INFO - format_doc_: 428 - Определяем количество страниц
2022-09-09 15:43:28,971 - INFO - pages_count: 119 - Конвертируем в пдф Заключение 1.5.docx
2022-09-09 15:43:35,670 - INFO - pages_count: 124 - Удаляем пдф Заключение 1.5.docx
2022-09-09 15:43:35,672 - INFO - pages_count: 126 - Вставляем страницы в ворд Заключение 1.5.docx
2022-09-09 15:43:35,723 - INFO - pages_count: 147 - Получае ворд из зип Заключение 1.5.docx
2022-09-09 15:43:36,467 - INFO - format_doc_: 333 - Преобразуем Заключение 1.6.docx
2022-09-09 15:43:36,486 - INFO - format_doc_: 425 - Вставляем колонтитулы
2022-09-09 15:43:36,520 - INFO - format_doc_: 428 - Определяем количество страниц
2022-09-09 15:43:36,521 - INFO - pages_count: 119 - Конвертируем в пдф Заключение 1.6.docx
2022-09-09 15:43:43,714 - INFO - pages_count: 124 - Удаляем пдф Заключение 1.6.docx
2022-09-09 15:43:43,715 - INFO - pages_count: 126 - Вставляем страницы в ворд Заключение 1.6.docx
2022-09-09 15:43:43,768 - INFO - pages_count: 147 - Получае ворд из зип Заключение 1.6.docx
2022-09-09 15:43:44,505 - INFO - format_doc_: 333 - Преобразуем Заключение 1.7.docx
2022-09-09 15:43:44,525 - INFO - format_doc_: 425 - Вставляем колонтитулы
2022-09-09 15:43:44,560 - INFO - format_doc_: 428 - Определяем количество страниц
2022-09-09 15:43:44,561 - INFO - pages_count: 119 - Конвертируем в пдф Заключение 1.7.docx
2022-09-09 15:43:51,369 - INFO - pages_count: 124 - Удаляем пдф Заключение 1.7.docx
2022-09-09 15:43:51,371 - INFO - pages_count: 126 - Вставляем страницы в ворд Заключение 1.7.docx
2022-09-09 15:43:51,425 - INFO - pages_count: 147 - Получае ворд из зип Заключение 1.7.docx
2022-09-09 15:43:52,170 - INFO - format_doc_: 333 - Преобразуем Заключение 1.8.docx
2022-09-09 15:43:52,194 - INFO - format_doc_: 425 - Вставляем колонтитулы
2022-09-09 15:43:52,226 - INFO - format_doc_: 428 - Определяем количество страниц
2022-09-09 15:43:52,226 - INFO - pages_count: 119 - Конвертируем в пдф Заключение 1.8.docx
2022-09-09 15:44:00,666 - INFO - pages_count: 124 - Удаляем пдф Заключение 1.8.docx
2022-09-09 15:44:00,668 - INFO - pages_count: 126 - Вставляем страницы в ворд Заключение 1.8.docx
2022-09-09 15:44:00,720 - INFO - pages_count: 147 - Получае ворд из зип Заключение 1.8.docx
2022-09-09 15:44:01,467 - INFO - format_doc_: 333 - Преобразуем Протокол 1.1.docx
2022-09-09 15:44:01,490 - INFO - format_doc_: 425 - Вставляем колонтитулы
2022-09-09 15:44:01,531 - INFO - format_doc_: 428 - Определяем количество страниц
2022-09-09 15:44:01,531 - INFO - pages_count: 119 - Конвертируем в пдф Протокол 1.1.docx
2022-09-09 15:44:08,291 - INFO - pages_count: 124 - Удаляем пдф Протокол 1.1.docx
2022-09-09 15:44:08,292 - INFO - pages_count: 126 - Вставляем страницы в ворд Протокол 1.1.docx
2022-09-09 15:44:08,341 - INFO - pages_count: 147 - Получае ворд из зип Протокол 1.1.docx
2022-09-09 15:44:09,080 - INFO - format_doc_: 333 - Преобразуем Протокол 1.2.docx
2022-09-09 15:44:09,102 - INFO - format_doc_: 425 - Вставляем колонтитулы
2022-09-09 15:44:09,135 - INFO - format_doc_: 428 - Определяем количество страниц
2022-09-09 15:44:09,136 - INFO - pages_count: 119 - Конвертируем в пдф Протокол 1.2.docx
2022-09-09 15:44:15,904 - INFO - pages_count: 124 - Удаляем пдф Протокол 1.2.docx
2022-09-09 15:44:15,905 - INFO - pages_count: 126 - Вставляем страницы в ворд Протокол 1.2.docx
2022-09-09 15:44:15,958 - INFO - pages_count: 147 - Получае ворд из зип Протокол 1.2.docx
2022-09-09 15:44:16,693 - INFO - format_doc_: 333 - Преобразуем Протокол 1.3.docx
2022-09-09 15:44:16,717 - INFO - format_doc_: 425 - Вставляем колонтитулы
2022-09-09 15:44:16,755 - INFO - format_doc_: 428 - Определяем количество страниц
2022-09-09 15:44:16,755 - INFO - pages_count: 119 - Конвертируем в пдф Протокол 1.3.docx
2022-09-09 15:44:25,134 - INFO - pages_count: 124 - Удаляем пдф Протокол 1.3.docx
2022-09-09 15:44:25,136 - INFO - pages_count: 126 - Вставляем страницы в ворд Протокол 1.3.docx
2022-09-09 15:44:25,195 - INFO - pages_count: 147 - Получае ворд из зип Протокол 1.3.docx
2022-09-09 15:44:25,948 - INFO - format_doc_: 333 - Преобразуем Протокол 1.4.docx
2022-09-09 15:44:25,973 - INFO - format_doc_: 425 - Вставляем колонтитулы
2022-09-09 15:44:26,012 - INFO - format_doc_: 428 - Определяем количество страниц
2022-09-09 15:44:26,012 - INFO - pages_count: 119 - Конвертируем в пдф Протокол 1.4.docx
2022-09-09 15:44:39,354 - INFO - pages_count: 124 - Удаляем пдф Протокол 1.4.docx
2022-09-09 15:44:39,355 - INFO - pages_count: 126 - Вставляем страницы в ворд Протокол 1.4.docx
2022-09-09 15:44:39,411 - INFO - pages_count: 147 - Получае ворд из зип Протокол 1.4.docx
2022-09-09 15:44:40,157 - INFO - format_doc_: 333 - Преобразуем Протокол 1.5.docx
2022-09-09 15:44:40,181 - INFO - format_doc_: 425 - Вставляем колонтитулы
2022-09-09 15:44:40,220 - INFO - format_doc_: 428 - Определяем количество страниц
2022-09-09 15:44:40,221 - INFO - pages_count: 119 - Конвертируем в пдф Протокол 1.5.docx
2022-09-09 15:44:47,004 - INFO - pages_count: 124 - Удаляем пдф Протокол 1.5.docx
2022-09-09 15:44:47,006 - INFO - pages_count: 126 - Вставляем страницы в ворд Протокол 1.5.docx
2022-09-09 15:44:47,058 - INFO - pages_count: 147 - Получае ворд из зип Протокол 1.5.docx
2022-09-09 15:44:47,812 - INFO - format_doc_: 333 - Преобразуем Протокол 1.6.docx
2022-09-09 15:44:47,841 - INFO - format_doc_: 425 - Вставляем колонтитулы
2022-09-09 15:44:47,881 - INFO - format_doc_: 428 - Определяем количество страниц
2022-09-09 15:44:47,881 - INFO - pages_count: 119 - Конвертируем в пдф Протокол 1.6.docx
2022-09-09 15:44:54,640 - INFO - pages_count: 124 - Удаляем пдф Протокол 1.6.docx
2022-09-09 15:44:54,641 - INFO - pages_count: 126 - Вставляем страницы в ворд Протокол 1.6.docx
2022-09-09 15:44:54,695 - INFO - pages_count: 147 - Получае ворд из зип Протокол 1.6.docx
2022-09-09 15:44:55,433 - INFO - format_doc_: 333 - Преобразуем Протокол 1.7.docx
2022-09-09 15:44:55,456 - INFO - format_doc_: 425 - Вставляем колонтитулы
2022-09-09 15:44:55,487 - INFO - format_doc_: 428 - Определяем количество страниц
2022-09-09 15:44:55,488 - INFO - pages_count: 119 - Конвертируем в пдф Протокол 1.7.docx
2022-09-09 15:45:00,072 - INFO - pages_count: 124 - Удаляем пдф Протокол 1.7.docx
2022-09-09 15:45:00,074 - INFO - pages_count: 126 - Вставляем страницы в ворд Протокол 1.7.docx
2022-09-09 15:45:00,116 - INFO - pages_count: 147 - Получае ворд из зип Протокол 1.7.docx
2022-09-09 15:45:00,834 - INFO - format_doc_: 333 - Преобразуем Протокол 1.8.docx
2022-09-09 15:45:00,858 - INFO - format_doc_: 425 - Вставляем колонтитулы
2022-09-09 15:45:00,892 - INFO - format_doc_: 428 - Определяем количество страниц
2022-09-09 15:45:00,893 - INFO - pages_count: 119 - Конвертируем в пдф Протокол 1.8.docx
2022-09-09 15:45:07,744 - INFO - pages_count: 124 - Удаляем пдф Протокол 1.8.docx
2022-09-09 15:45:07,745 - INFO - pages_count: 126 - Вставляем страницы в ворд Протокол 1.8.docx
2022-09-09 15:45:07,806 - INFO - pages_count: 147 - Получае ворд из зип Протокол 1.8.docx
2022-09-09 15:45:08,537 - INFO - format_doc_: 333 - Преобразуем Приложение А 1.1.docx
2022-09-09 15:45:08,577 - INFO - format_doc_: 333 - Преобразуем Приложение А 1.2.docx
2022-09-09 15:45:08,636 - INFO - format_doc_: 333 - Преобразуем Приложение А 1.3.docx
2022-09-09 15:45:08,674 - INFO - format_doc_: 333 - Преобразуем Приложение А 1.4.docx
2022-09-09 15:45:08,712 - INFO - format_doc_: 333 - Преобразуем Приложение А 1.5.docx
2022-09-09 15:45:08,751 - INFO - format_doc_: 333 - Преобразуем Приложение А 1.6.docx
2022-09-09 15:45:08,795 - INFO - format_doc_: 333 - Преобразуем Приложение А 1.7.docx
2022-09-09 15:45:08,835 - INFO - format_doc_: 333 - Преобразуем Приложение А 1.8.docx
2022-09-09 15:45:08,871 - INFO - format_doc_: 333 - Преобразуем Предписание 1.1.docx
2022-09-09 15:45:08,891 - INFO - format_doc_: 425 - Вставляем колонтитулы
2022-09-09 15:45:08,920 - INFO - format_doc_: 428 - Определяем количество страниц
2022-09-09 15:45:08,921 - INFO - pages_count: 119 - Конвертируем в пдф Предписание 1.1.docx
2022-09-09 15:45:16,860 - INFO - pages_count: 124 - Удаляем пдф Предписание 1.1.docx
2022-09-09 15:45:16,861 - INFO - pages_count: 126 - Вставляем страницы в ворд Предписание 1.1.docx
2022-09-09 15:45:16,913 - INFO - pages_count: 147 - Получае ворд из зип Предписание 1.1.docx
2022-09-09 15:45:17,654 - INFO - format_doc_: 333 - Преобразуем Предписание 1.2.docx
2022-09-09 15:45:17,676 - INFO - format_doc_: 425 - Вставляем колонтитулы
2022-09-09 15:45:17,713 - INFO - format_doc_: 428 - Определяем количество страниц
2022-09-09 15:45:17,713 - INFO - pages_count: 119 - Конвертируем в пдф Предписание 1.2.docx
2022-09-09 15:45:24,684 - INFO - pages_count: 124 - Удаляем пдф Предписание 1.2.docx
2022-09-09 15:45:24,687 - INFO - pages_count: 126 - Вставляем страницы в ворд Предписание 1.2.docx
2022-09-09 15:45:24,752 - INFO - pages_count: 147 - Получае ворд из зип Предписание 1.2.docx
2022-09-09 15:45:25,502 - INFO - format_doc_: 333 - Преобразуем Предписание 1.3.docx
2022-09-09 15:45:25,521 - INFO - format_doc_: 425 - Вставляем колонтитулы
2022-09-09 15:45:25,557 - INFO - format_doc_: 428 - Определяем количество страниц
2022-09-09 15:45:25,558 - INFO - pages_count: 119 - Конвертируем в пдф Предписание 1.3.docx
2022-09-09 15:45:37,314 - INFO - pages_count: 124 - Удаляем пдф Предписание 1.3.docx
2022-09-09 15:45:37,315 - INFO - pages_count: 126 - Вставляем страницы в ворд Предписание 1.3.docx
2022-09-09 15:45:37,368 - INFO - pages_count: 147 - Получае ворд из зип Предписание 1.3.docx
2022-09-09 15:45:38,121 - INFO - format_doc_: 333 - Преобразуем Предписание 1.4.docx
2022-09-09 15:45:38,138 - INFO - format_doc_: 425 - Вставляем колонтитулы
2022-09-09 15:45:38,174 - INFO - format_doc_: 428 - Определяем количество страниц
2022-09-09 15:45:38,174 - INFO - pages_count: 119 - Конвертируем в пдф Предписание 1.4.docx
2022-09-09 15:45:55,720 - INFO - pages_count: 124 - Удаляем пдф Предписание 1.4.docx
2022-09-09 15:45:55,721 - INFO - pages_count: 126 - Вставляем страницы в ворд Предписание 1.4.docx
2022-09-09 15:45:55,773 - INFO - pages_count: 147 - Получае ворд из зип Предписание 1.4.docx
2022-09-09 15:45:56,500 - INFO - format_doc_: 333 - Преобразуем Предписание 1.5.docx
2022-09-09 15:45:56,517 - INFO - format_doc_: 425 - Вставляем колонтитулы
2022-09-09 15:45:56,547 - INFO - format_doc_: 428 - Определяем количество страниц
2022-09-09 15:45:56,548 - INFO - pages_count: 119 - Конвертируем в пдф Предписание 1.5.docx
2022-09-09 15:46:20,513 - INFO - pages_count: 124 - Удаляем пдф Предписание 1.5.docx
2022-09-09 15:46:20,514 - INFO - pages_count: 126 - Вставляем страницы в ворд Предписание 1.5.docx
2022-09-09 15:46:20,569 - INFO - pages_count: 147 - Получае ворд из зип Предписание 1.5.docx
2022-09-09 15:46:21,313 - INFO - format_doc_: 333 - Преобразуем Предписание 1.6.docx
2022-09-09 15:46:21,330 - INFO - format_doc_: 425 - Вставляем колонтитулы
2022-09-09 15:46:21,360 - INFO - format_doc_: 428 - Определяем количество страниц
2022-09-09 15:46:21,360 - INFO - pages_count: 119 - Конвертируем в пдф Предписание 1.6.docx
2022-09-09 15:46:46,617 - INFO - pages_count: 124 - Удаляем пдф Предписание 1.6.docx
2022-09-09 15:46:46,618 - INFO - pages_count: 126 - Вставляем страницы в ворд Предписание 1.6.docx
2022-09-09 15:46:46,673 - INFO - pages_count: 147 - Получае ворд из зип Предписание 1.6.docx
2022-09-09 15:46:47,403 - INFO - format_doc_: 333 - Преобразуем Предписание 1.7.docx
2022-09-09 15:46:47,420 - INFO - format_doc_: 425 - Вставляем колонтитулы
2022-09-09 15:46:47,457 - INFO - format_doc_: 428 - Определяем количество страниц
2022-09-09 15:46:47,457 - INFO - pages_count: 119 - Конвертируем в пдф Предписание 1.7.docx
2022-09-09 15:47:00,734 - INFO - pages_count: 124 - Удаляем пдф Предписание 1.7.docx
2022-09-09 15:47:00,736 - INFO - pages_count: 126 - Вставляем страницы в ворд Предписание 1.7.docx
2022-09-09 15:47:00,790 - INFO - pages_count: 147 - Получае ворд из зип Предписание 1.7.docx
2022-09-09 15:47:01,530 - INFO - format_doc_: 333 - Преобразуем Предписание 1.8.docx
2022-09-09 15:47:01,549 - INFO - format_doc_: 425 - Вставляем колонтитулы
2022-09-09 15:47:01,578 - INFO - format_doc_: 428 - Определяем количество страниц
2022-09-09 15:47:01,579 - INFO - pages_count: 119 - Конвертируем в пдф Предписание 1.8.docx
2022-09-09 15:47:22,655 - INFO - pages_count: 124 - Удаляем пдф Предписание 1.8.docx
2022-09-09 15:47:22,656 - INFO - pages_count: 126 - Вставляем страницы в ворд Предписание 1.8.docx
2022-09-09 15:47:22,711 - INFO - pages_count: 147 - Получае ворд из зип Предписание 1.8.docx
2022-09-09 15:47:23,445 - INFO - format_doc_: 333 - Преобразуем Сопроводит.docx
2022-09-09 15:47:23,445 - INFO - format_doc_: 666 - Добавляем сопровод
2022-09-09 15:47:23,585 - INFO - pages_count: 119 - Конвертируем в пдф Сопроводит.docx
2022-09-09 15:47:32,523 - INFO - pages_count: 124 - Удаляем пдф Сопроводит.docx
2022-09-09 15:47:32,524 - INFO - pages_count: 126 - Вставляем страницы в ворд Сопроводит.docx
2022-09-09 15:47:32,585 - INFO - pages_count: 147 - Получае ворд из зип Сопроводит.docx
2022-09-09 15:47:33,332 - INFO - run: 974 - Конец программы, время работы: 0:04:33.023932
2022-09-09 15:47:33,332 - INFO - run: 975 - 
***********************************************************************************

